[debug] [2024-06-24T17:30:49.382Z] ----------------------------------------------------------------------
[debug] [2024-06-24T17:30:49.384Z] Command:       C:\Program Files\nodejs\node.exe C:\Users\Rajdw\AppData\Roaming\npm\node_modules\firebase-tools\lib\bin\firebase.js hosting:channel:deploy disclosureShowcase --expires 4d
[debug] [2024-06-24T17:30:49.384Z] CLI Version:   13.11.4
[debug] [2024-06-24T17:30:49.384Z] Platform:      win32
[debug] [2024-06-24T17:30:49.384Z] Node Version:  v20.15.0
[debug] [2024-06-24T17:30:49.384Z] Time:          Mon Jun 24 2024 23:00:49 GMT+0530 (India Standard Time)
[debug] [2024-06-24T17:30:49.384Z] ----------------------------------------------------------------------
[debug] 
[debug] [2024-06-24T17:30:49.427Z] > command requires scopes: ["email","openid","https://www.googleapis.com/auth/cloudplatformprojects.readonly","https://www.googleapis.com/auth/firebase","https://www.googleapis.com/auth/cloud-platform"]
[debug] [2024-06-24T17:30:49.428Z] > authorizing via signed-in user (badenforcer.gc@gmail.com)
[debug] [2024-06-24T17:30:49.428Z] [iam] checking project packagefy for permissions ["firebase.projects.get","firebasehosting.sites.update"]
[debug] [2024-06-24T17:30:49.429Z] >>> [apiv2][query] POST https://cloudresourcemanager.googleapis.com/v1/projects/packagefy:testIamPermissions [none]
[debug] [2024-06-24T17:30:49.429Z] >>> [apiv2][(partial)header] POST https://cloudresourcemanager.googleapis.com/v1/projects/packagefy:testIamPermissions x-goog-quota-user=projects/packagefy
[debug] [2024-06-24T17:30:49.429Z] >>> [apiv2][body] POST https://cloudresourcemanager.googleapis.com/v1/projects/packagefy:testIamPermissions {"permissions":["firebase.projects.get","firebasehosting.sites.update"]}
[debug] [2024-06-24T17:30:51.021Z] <<< [apiv2][status] POST https://cloudresourcemanager.googleapis.com/v1/projects/packagefy:testIamPermissions 200
[debug] [2024-06-24T17:30:51.021Z] <<< [apiv2][body] POST https://cloudresourcemanager.googleapis.com/v1/projects/packagefy:testIamPermissions {"permissions":["firebase.projects.get","firebasehosting.sites.update"]}
[debug] [2024-06-24T17:30:51.021Z] >>> [apiv2][query] GET https://firebase.googleapis.com/v1beta1/projects/packagefy [none]
[debug] [2024-06-24T17:30:51.698Z] <<< [apiv2][status] GET https://firebase.googleapis.com/v1beta1/projects/packagefy 200
[debug] [2024-06-24T17:30:51.698Z] <<< [apiv2][body] GET https://firebase.googleapis.com/v1beta1/projects/packagefy {"projectId":"packagefy","projectNumber":"292607666314","displayName":"Packagefy","name":"projects/packagefy","resources":{"hostingSite":"packagefy","storageBucket":"packagefy.appspot.com","locationId":"asia-south1"},"state":"ACTIVE","etag":"1_0cf45511-2f4f-418b-ac51-81bb7df08689"}
[debug] [2024-06-24T17:30:51.698Z] Expires TTL: 345600000
[debug] [2024-06-24T17:30:51.699Z] >>> [apiv2][query] GET https://firebasehosting.googleapis.com/v1beta1/projects/packagefy/sites/packagefy/channels/disclosureShowcase [none]
[debug] [2024-06-24T17:30:52.830Z] <<< [apiv2][status] GET https://firebasehosting.googleapis.com/v1beta1/projects/packagefy/sites/packagefy/channels/disclosureShowcase 200
[debug] [2024-06-24T17:30:52.830Z] <<< [apiv2][body] GET https://firebasehosting.googleapis.com/v1beta1/projects/packagefy/sites/packagefy/channels/disclosureShowcase {"name":"projects/packagefy/sites/packagefy/channels/disclosureShowcase","url":"https://packagefy--disclosureshowcase-f1tnwef6.web.app","release":{"name":"projects/packagefy/sites/packagefy/channels/disclosureShowcase/releases/1719249105693000","version":{"name":"projects/packagefy/sites/packagefy/versions/a90bb6c8953e09c6","status":"FINALIZED","config":{"headers":[{"headers":{"x-next-cache-tags":"_N_T_/layout,_N_T_/destination/layout,_N_T_/destination/[destinationName]testingg/layout,_N_T_/destination/[destinationName]testingg/page,_N_T_/destination/[destinationName]testingg"},"glob":"/destination/[destinationName]testingg"},{"headers":{"x-next-cache-tags":"_N_T_/layout,_N_T_/_not-found/layout,_N_T_/_not-found/page,_N_T_/_not-found"},"glob":"/_not-found"},{"headers":{"content-type":"image/x-icon","x-next-cache-tags":"_N_T_/layout,_N_T_/favicon.ico/layout,_N_T_/favicon.ico/route,_N_T_/favicon.ico","cache-control":"public, max-age=0, must-revalidate"},"glob":"/favicon.ico"}],"cleanUrls":true,"trailingSlashBehavior":"REMOVE"},"labels":{"deployment-tool":"cli-firebase","firebase-web-framework":"next"},"createTime":"2024-06-24T17:11:40.423574Z","createUser":{"email":"badenforcer.gc@gmail.com"},"finalizeTime":"2024-06-24T17:11:45.525499Z","finalizeUser":{"email":"badenforcer.gc@gmail.com"},"fileCount":"38","versionBytes":"540339"},"type":"DEPLOY","releaseTime":"2024-06-24T17:11:45.693Z","releaseUser":{"email":"badenforcer.gc@gmail.com"}},"createTime":"2024-06-24T17:01:01.924010828Z","updateTime":"2024-06-24T17:23:33.332642369Z","retainedReleaseCount":10,"expireTime":"2024-06-28T17:23:33.332642369Z"}
[debug] [2024-06-24T17:30:52.830Z] [hosting] found existing channel for site packagefy {"name":"projects/packagefy/sites/packagefy/channels/disclosureShowcase","url":"https://packagefy--disclosureshowcase-f1tnwef6.web.app","release":{"name":"projects/packagefy/sites/packagefy/channels/disclosureShowcase/releases/1719249105693000","version":{"name":"projects/packagefy/sites/packagefy/versions/a90bb6c8953e09c6","status":"FINALIZED","config":{"headers":[{"headers":{"x-next-cache-tags":"_N_T_/layout,_N_T_/destination/layout,_N_T_/destination/[destinationName]testingg/layout,_N_T_/destination/[destinationName]testingg/page,_N_T_/destination/[destinationName]testingg"},"glob":"/destination/[destinationName]testingg"},{"headers":{"x-next-cache-tags":"_N_T_/layout,_N_T_/_not-found/layout,_N_T_/_not-found/page,_N_T_/_not-found"},"glob":"/_not-found"},{"headers":{"content-type":"image/x-icon","x-next-cache-tags":"_N_T_/layout,_N_T_/favicon.ico/layout,_N_T_/favicon.ico/route,_N_T_/favicon.ico","cache-control":"public, max-age=0, must-revalidate"},"glob":"/favicon.ico"}],"cleanUrls":true,"trailingSlashBehavior":"REMOVE"},"labels":{"deployment-tool":"cli-firebase","firebase-web-framework":"next"},"createTime":"2024-06-24T17:11:40.423574Z","createUser":{"email":"badenforcer.gc@gmail.com"},"finalizeTime":"2024-06-24T17:11:45.525499Z","finalizeUser":{"email":"badenforcer.gc@gmail.com"},"fileCount":"38","versionBytes":"540339"},"type":"DEPLOY","releaseTime":"2024-06-24T17:11:45.693Z","releaseUser":{"email":"badenforcer.gc@gmail.com"}},"createTime":"2024-06-24T17:01:01.924010828Z","updateTime":"2024-06-24T17:23:33.332642369Z","retainedReleaseCount":10,"expireTime":"2024-06-28T17:23:33.332642369Z"}
[debug] [2024-06-24T17:30:52.830Z] >>> [apiv2][query] PATCH https://firebasehosting.googleapis.com/v1beta1/projects/packagefy/sites/packagefy/channels/disclosureShowcase updateMask=ttl
[debug] [2024-06-24T17:30:52.830Z] >>> [apiv2][body] PATCH https://firebasehosting.googleapis.com/v1beta1/projects/packagefy/sites/packagefy/channels/disclosureShowcase {"ttl":"345600s"}
[debug] [2024-06-24T17:30:53.293Z] <<< [apiv2][status] PATCH https://firebasehosting.googleapis.com/v1beta1/projects/packagefy/sites/packagefy/channels/disclosureShowcase 200
[debug] [2024-06-24T17:30:53.293Z] <<< [apiv2][body] PATCH https://firebasehosting.googleapis.com/v1beta1/projects/packagefy/sites/packagefy/channels/disclosureShowcase {"name":"projects/packagefy/sites/packagefy/channels/disclosureShowcase","url":"https://packagefy--disclosureshowcase-f1tnwef6.web.app","release":{"name":"projects/packagefy/sites/packagefy/channels/disclosureShowcase/releases/1719249105693000","version":{"name":"projects/packagefy/sites/packagefy/versions/a90bb6c8953e09c6","status":"FINALIZED","config":{"headers":[{"headers":{"x-next-cache-tags":"_N_T_/layout,_N_T_/destination/layout,_N_T_/destination/[destinationName]testingg/layout,_N_T_/destination/[destinationName]testingg/page,_N_T_/destination/[destinationName]testingg"},"glob":"/destination/[destinationName]testingg"},{"headers":{"x-next-cache-tags":"_N_T_/layout,_N_T_/_not-found/layout,_N_T_/_not-found/page,_N_T_/_not-found"},"glob":"/_not-found"},{"headers":{"content-type":"image/x-icon","x-next-cache-tags":"_N_T_/layout,_N_T_/favicon.ico/layout,_N_T_/favicon.ico/route,_N_T_/favicon.ico","cache-control":"public, max-age=0, must-revalidate"},"glob":"/favicon.ico"}],"cleanUrls":true,"trailingSlashBehavior":"REMOVE"},"labels":{"firebase-web-framework":"next","deployment-tool":"cli-firebase"},"createTime":"2024-06-24T17:11:40.423574Z","createUser":{"email":"badenforcer.gc@gmail.com"},"finalizeTime":"2024-06-24T17:11:45.525499Z","finalizeUser":{"email":"badenforcer.gc@gmail.com"},"fileCount":"38","versionBytes":"540339"},"type":"DEPLOY","releaseTime":"2024-06-24T17:11:45.693Z","releaseUser":{"email":"badenforcer.gc@gmail.com"}},"createTime":"2024-06-24T17:01:01.924010828Z","updateTime":"2024-06-24T17:31:03.300822164Z","retainedReleaseCount":10,"expireTime":"2024-06-28T17:31:03.300822164Z"}
[debug] [2024-06-24T17:30:53.293Z] [hosting] updated TTL for existing channel for site packagefy {"name":"projects/packagefy/sites/packagefy/channels/disclosureShowcase","url":"https://packagefy--disclosureshowcase-f1tnwef6.web.app","release":{"name":"projects/packagefy/sites/packagefy/channels/disclosureShowcase/releases/1719249105693000","version":{"name":"projects/packagefy/sites/packagefy/versions/a90bb6c8953e09c6","status":"FINALIZED","config":{"headers":[{"headers":{"x-next-cache-tags":"_N_T_/layout,_N_T_/destination/layout,_N_T_/destination/[destinationName]testingg/layout,_N_T_/destination/[destinationName]testingg/page,_N_T_/destination/[destinationName]testingg"},"glob":"/destination/[destinationName]testingg"},{"headers":{"x-next-cache-tags":"_N_T_/layout,_N_T_/_not-found/layout,_N_T_/_not-found/page,_N_T_/_not-found"},"glob":"/_not-found"},{"headers":{"content-type":"image/x-icon","x-next-cache-tags":"_N_T_/layout,_N_T_/favicon.ico/layout,_N_T_/favicon.ico/route,_N_T_/favicon.ico","cache-control":"public, max-age=0, must-revalidate"},"glob":"/favicon.ico"}],"cleanUrls":true,"trailingSlashBehavior":"REMOVE"},"labels":{"firebase-web-framework":"next","deployment-tool":"cli-firebase"},"createTime":"2024-06-24T17:11:40.423574Z","createUser":{"email":"badenforcer.gc@gmail.com"},"finalizeTime":"2024-06-24T17:11:45.525499Z","finalizeUser":{"email":"badenforcer.gc@gmail.com"},"fileCount":"38","versionBytes":"540339"},"type":"DEPLOY","releaseTime":"2024-06-24T17:11:45.693Z","releaseUser":{"email":"badenforcer.gc@gmail.com"}},"createTime":"2024-06-24T17:01:01.924010828Z","updateTime":"2024-06-24T17:31:03.300822164Z","retainedReleaseCount":10,"expireTime":"2024-06-28T17:31:03.300822164Z"}
[info] 
   Thank you for trying our early preview of Next.js support on Firebase Hosting.
   During the preview, support is best-effort and breaking changes can be expected. Proceed with caution.
   The integration is known to work with Next.js version 12 - 14.0. You may encounter errors.

   Documentation: https://firebase.google.com/docs/hosting/frameworks/nextjs
   File a bug: https://github.com/firebase/firebase-tools/issues/new?template=bug_report.md
   Submit a feature request: https://github.com/firebase/firebase-tools/issues/new?template=feature_request.md

   We'd love to learn from you. Express your interest in helping us shape the future of Firebase Hosting: https://goo.gle/41enW5X

[debug] [2024-06-24T17:30:57.223Z] >>> [apiv2][query] GET https://firebasehosting.googleapis.com/v1beta1/projects/packagefy/sites/packagefy/channels/disclosureShowcase [none]
[debug] [2024-06-24T17:30:57.606Z] <<< [apiv2][status] GET https://firebasehosting.googleapis.com/v1beta1/projects/packagefy/sites/packagefy/channels/disclosureShowcase 200
[debug] [2024-06-24T17:30:57.606Z] <<< [apiv2][body] GET https://firebasehosting.googleapis.com/v1beta1/projects/packagefy/sites/packagefy/channels/disclosureShowcase {"name":"projects/packagefy/sites/packagefy/channels/disclosureShowcase","url":"https://packagefy--disclosureshowcase-f1tnwef6.web.app","release":{"name":"projects/packagefy/sites/packagefy/channels/disclosureShowcase/releases/1719249105693000","version":{"name":"projects/packagefy/sites/packagefy/versions/a90bb6c8953e09c6","status":"FINALIZED","config":{"headers":[{"headers":{"x-next-cache-tags":"_N_T_/layout,_N_T_/destination/layout,_N_T_/destination/[destinationName]testingg/layout,_N_T_/destination/[destinationName]testingg/page,_N_T_/destination/[destinationName]testingg"},"glob":"/destination/[destinationName]testingg"},{"headers":{"x-next-cache-tags":"_N_T_/layout,_N_T_/_not-found/layout,_N_T_/_not-found/page,_N_T_/_not-found"},"glob":"/_not-found"},{"headers":{"cache-control":"public, max-age=0, must-revalidate","content-type":"image/x-icon","x-next-cache-tags":"_N_T_/layout,_N_T_/favicon.ico/layout,_N_T_/favicon.ico/route,_N_T_/favicon.ico"},"glob":"/favicon.ico"}],"cleanUrls":true,"trailingSlashBehavior":"REMOVE"},"labels":{"deployment-tool":"cli-firebase","firebase-web-framework":"next"},"createTime":"2024-06-24T17:11:40.423574Z","createUser":{"email":"badenforcer.gc@gmail.com"},"finalizeTime":"2024-06-24T17:11:45.525499Z","finalizeUser":{"email":"badenforcer.gc@gmail.com"},"fileCount":"38","versionBytes":"540339"},"type":"DEPLOY","releaseTime":"2024-06-24T17:11:45.693Z","releaseUser":{"email":"badenforcer.gc@gmail.com"}},"createTime":"2024-06-24T17:01:01.924010828Z","updateTime":"2024-06-24T17:31:03.300822164Z","retainedReleaseCount":10,"expireTime":"2024-06-28T17:31:03.300822164Z"}
[debug] [2024-06-24T17:30:58.098Z] TypeError: loadConfig is not a function
    at getConfig (C:\Users\Rajdw\AppData\Roaming\npm\node_modules\firebase-tools\lib\frameworks\next\index.js:446:28)
    at async build (C:\Users\Rajdw\AppData\Roaming\npm\node_modules\firebase-tools\lib\frameworks\next\index.js:76:59)
    at async prepareFrameworks (C:\Users\Rajdw\AppData\Roaming\npm\node_modules\firebase-tools\lib\frameworks\index.js:224:33)
    at async deploy (C:\Users\Rajdw\AppData\Roaming\npm\node_modules\firebase-tools\lib\deploy\index.js:57:13)
    at async Command.hostingChannelDeployAction [as actionFn] (C:\Users\Rajdw\AppData\Roaming\npm\node_modules\firebase-tools\lib\commands\hosting-channel-deploy.js:90:25)
[error] 
[error] Error: An unexpected error has occurred.
